::1 - - [11/May/2023:05:24:05 +0000] "GET /category HTTP/1.1" 304 -
::1 - - [11/May/2023:05:24:05 +0000] "GET /css/bootstrap.min.css HTTP/1.1" 304 -
::1 - - [11/May/2023:05:24:05 +0000] "GET /css/styles.css HTTP/1.1" 304 -
::1 - - [11/May/2023:05:24:05 +0000] "GET /js/bootstrap.min.js HTTP/1.1" 304 -
::1 - - [11/May/2023:05:24:05 +0000] "GET /fonts/glyphicons-halflings-regular.woff HTTP/1.1" 404 178
::1 - - [11/May/2023:05:24:05 +0000] "GET /fonts/glyphicons-halflings-regular.ttf HTTP/1.1" 404 177
::1 - - [11/May/2023:05:24:06 +0000] "GET /products HTTP/1.1" 304 -
::1 - - [11/May/2023:05:24:06 +0000] "GET /css/bootstrap.min.css HTTP/1.1" 304 -
::1 - - [11/May/2023:05:24:06 +0000] "GET /css/styles.css HTTP/1.1" 304 -
::1 - - [11/May/2023:05:24:06 +0000] "GET /js/bootstrap.min.js HTTP/1.1" 304 -
::1 - - [11/May/2023:05:24:06 +0000] "GET /fonts/glyphicons-halflings-regular.woff HTTP/1.1" 404 178
::1 - - [11/May/2023:05:24:06 +0000] "GET /fonts/glyphicons-halflings-regular.ttf HTTP/1.1" 404 177
::1 - - [11/May/2023:05:24:07 +0000] "GET /category HTTP/1.1" 304 -
::1 - - [11/May/2023:05:24:07 +0000] "GET /css/bootstrap.min.css HTTP/1.1" 304 -
::1 - - [11/May/2023:05:24:07 +0000] "GET /css/styles.css HTTP/1.1" 304 -
::1 - - [11/May/2023:05:24:07 +0000] "GET /js/bootstrap.min.js HTTP/1.1" 304 -
::1 - - [11/May/2023:05:24:07 +0000] "GET /fonts/glyphicons-halflings-regular.woff HTTP/1.1" 404 178
::1 - - [11/May/2023:05:24:07 +0000] "GET /fonts/glyphicons-halflings-regular.ttf HTTP/1.1" 404 177
::1 - - [11/May/2023:05:24:08 +0000] "GET /products/category/1 HTTP/1.1" 304 -
::1 - - [11/May/2023:05:24:08 +0000] "GET /css/bootstrap.min.css HTTP/1.1" 304 -
::1 - - [11/May/2023:05:24:08 +0000] "GET /css/styles.css HTTP/1.1" 304 -
::1 - - [11/May/2023:05:24:08 +0000] "GET /products/category/js/bootstrap.min.js HTTP/1.1" 404 176
::1 - - [11/May/2023:05:24:08 +0000] "GET /fonts/glyphicons-halflings-regular.woff HTTP/1.1" 404 178
::1 - - [11/May/2023:05:24:08 +0000] "GET /fonts/glyphicons-halflings-regular.ttf HTTP/1.1" 404 177
::1 - - [11/May/2023:05:24:13 +0000] "GET /products/details/645bc59035e3fe7f96f282e8 HTTP/1.1" 304 -
::1 - - [11/May/2023:05:24:13 +0000] "GET /css/bootstrap.min.css HTTP/1.1" 304 -
::1 - - [11/May/2023:05:24:13 +0000] "GET /css/styles.css HTTP/1.1" 304 -
::1 - - [11/May/2023:05:24:13 +0000] "GET /products/details/js/bootstrap.min.js HTTP/1.1" 404 175
::1 - - [11/May/2023:05:24:13 +0000] "GET /fonts/glyphicons-halflings-regular.woff HTTP/1.1" 404 178
::1 - - [11/May/2023:05:24:13 +0000] "GET /fonts/glyphicons-halflings-regular.ttf HTTP/1.1" 404 177
